[2025-06-19 12:24:19.241] [2349] [HailoRT] [info] [device.cpp:49] [Device] OS Version: Linux 6.12.25+rpt-rpi-2712 #1 SMP PREEMPT Debian 1:6.12.25-1+rpt1 (2025-04-30) aarch64
[2025-06-19 12:24:19.243] [2349] [HailoRT] [info] [control.cpp:108] [control__parse_identify_results] firmware_version is: 4.20.0
[2025-06-19 12:24:19.243] [2349] [HailoRT] [info] [control.cpp:108] [control__parse_identify_results] firmware_version is: 4.20.0
[2025-06-19 12:24:21.062] [2324] [HailoRT] [info] [vdevice.cpp:523] [create] Creating vdevice with params: device_count: 1, scheduling_algorithm: ROUND_ROBIN, multi_process_service: false
[2025-06-19 12:24:21.078] [2324] [HailoRT] [info] [device.cpp:49] [Device] OS Version: Linux 6.12.25+rpt-rpi-2712 #1 SMP PREEMPT Debian 1:6.12.25-1+rpt1 (2025-04-30) aarch64
[2025-06-19 12:24:21.079] [2324] [HailoRT] [info] [control.cpp:108] [control__parse_identify_results] firmware_version is: 4.20.0
[2025-06-19 12:24:21.080] [2324] [HailoRT] [info] [vdevice.cpp:651] [create] VDevice Infos: 0001:01:00.0
[2025-06-19 12:24:21.082] [2324] [HailoRT] [error] [file_utils.cpp:40] [read_binary_file] CHECK failed - Error opening file final_v8n.hef
[2025-06-19 12:24:21.082] [2324] [HailoRT] [error] [hef.cpp:525] [parse_hef_file] CHECK_SUCCESS failed with status=HAILO_OPEN_FILE_FAILURE(13)
[2025-06-19 12:24:21.082] [2324] [HailoRT] [error] [hef.cpp:1002] [Impl] Failed parsing HEF file
[2025-06-19 12:24:21.082] [2324] [HailoRT] [error] [hef.cpp:314] [create] Failed creating HEF
[2025-06-19 12:24:21.082] [2324] [HailoRT] [error] [hef.cpp:170] [create] CHECK_SUCCESS failed with status=HAILO_OPEN_FILE_FAILURE(13)
[2025-06-19 12:24:21.082] [2324] [HailoRT] [error] [infer_model.cpp:242] [create] CHECK_SUCCESS failed with status=HAILO_OPEN_FILE_FAILURE(13)
[2025-06-19 12:24:21.082] [2324] [HailoRT] [error] [vdevice.cpp:756] [create_infer_model] CHECK_SUCCESS failed with status=HAILO_OPEN_FILE_FAILURE(13)
[2025-06-19 12:26:41.418] [2451] [HailoRT] [info] [device.cpp:49] [Device] OS Version: Linux 6.12.25+rpt-rpi-2712 #1 SMP PREEMPT Debian 1:6.12.25-1+rpt1 (2025-04-30) aarch64
[2025-06-19 12:26:41.419] [2451] [HailoRT] [info] [control.cpp:108] [control__parse_identify_results] firmware_version is: 4.20.0
[2025-06-19 12:26:41.420] [2451] [HailoRT] [info] [control.cpp:108] [control__parse_identify_results] firmware_version is: 4.20.0
[2025-06-19 12:26:41.495] [2426] [HailoRT] [info] [vdevice.cpp:523] [create] Creating vdevice with params: device_count: 1, scheduling_algorithm: ROUND_ROBIN, multi_process_service: false
[2025-06-19 12:26:41.506] [2426] [HailoRT] [info] [device.cpp:49] [Device] OS Version: Linux 6.12.25+rpt-rpi-2712 #1 SMP PREEMPT Debian 1:6.12.25-1+rpt1 (2025-04-30) aarch64
[2025-06-19 12:26:41.508] [2426] [HailoRT] [info] [control.cpp:108] [control__parse_identify_results] firmware_version is: 4.20.0
[2025-06-19 12:26:41.508] [2426] [HailoRT] [info] [vdevice.cpp:651] [create] VDevice Infos: 0001:01:00.0
[2025-06-19 12:26:41.551] [2426] [HailoRT] [info] [hef.cpp:1929] [get_network_group_and_network_name] No name was given. Addressing all networks of default network_group: final_v8n
[2025-06-19 12:26:41.551] [2426] [HailoRT] [info] [hef.cpp:1929] [get_network_group_and_network_name] No name was given. Addressing all networks of default network_group: final_v8n
[2025-06-19 12:26:41.570] [2426] [HailoRT] [info] [internal_buffer_manager.cpp:204] [print_execution_results] Planned internal buffer memory: CMA memory 0, user memory 4101120. memory to edge layer usage factor is 1
[2025-06-19 12:26:41.570] [2426] [HailoRT] [info] [internal_buffer_manager.cpp:212] [print_execution_results] Default Internal buffer planner executed successfully
[2025-06-19 12:26:41.584] [2426] [HailoRT] [info] [device_internal.cpp:57] [configure] Configuring HEF took 22.52875 milliseconds
[2025-06-19 12:26:41.584] [2426] [HailoRT] [info] [vdevice.cpp:749] [configure] Configuring HEF on VDevice took 23.285495 milliseconds
[2025-06-19 12:26:41.584] [2426] [HailoRT] [info] [infer_model.cpp:436] [configure] Configuring network group 'final_v8n' with params: batch size: 2, power mode: PERFORMANCE, latency: NONE
[2025-06-19 12:26:41.586] [2426] [HailoRT] [info] [multi_io_elements.cpp:756] [create] Created (AsyncHwEl)
[2025-06-19 12:26:41.587] [2426] [HailoRT] [info] [queue_elements.cpp:450] [create] Created (EntryPushQEl0final_v8n/input_layer1 | timeout: 10s)
[2025-06-19 12:26:41.587] [2426] [HailoRT] [info] [filter_elements.cpp:101] [create] Created (PreInferEl3final_v8n/input_layer1 | Reorder - src_order: RGB4, src_shape: (640, 640, 3), dst_order: NHCW, dst_shape: (640, 640, 3))
[2025-06-19 12:26:41.587] [2426] [HailoRT] [info] [queue_elements.cpp:450] [create] Created (PushQEl3final_v8n/input_layer1 | timeout: 10s)
[2025-06-19 12:26:41.587] [2426] [HailoRT] [info] [multi_io_elements.cpp:135] [create] Created (NmsPPMuxEl0YOLOV8-Post-Process | Op YOLOV8, Name: YOLOV8-Post-Process, Score threshold: 0.300, IoU threshold: 0.45, Classes: 2, Cross classes: false, NMS results order: BY_CLASS, Max bboxes per class: 100, Image height: 640, Image width: 640)
[2025-06-19 12:26:41.587] [2426] [HailoRT] [info] [queue_elements.cpp:942] [create] Created (MultiPushQEl0YOLOV8-Post-Process | timeout: 10s)
[2025-06-19 12:26:41.587] [2426] [HailoRT] [info] [edge_elements.cpp:187] [create] Created (LastAsyncEl0NmsPPMuxEl0YOLOV8-Post-Process)
[2025-06-19 12:26:41.587] [2426] [HailoRT] [info] [pipeline.cpp:891] [print_deep_description] EntryPushQEl0final_v8n/input_layer1 | inputs: user | outputs: PreInferEl3final_v8n/input_layer1(running in thread_id: 2486)
[2025-06-19 12:26:41.588] [2426] [HailoRT] [info] [pipeline.cpp:891] [print_deep_description] PreInferEl3final_v8n/input_layer1 | inputs: EntryPushQEl0final_v8n/input_layer1[0] | outputs: PushQEl3final_v8n/input_layer1
[2025-06-19 12:26:41.588] [2426] [HailoRT] [info] [pipeline.cpp:891] [print_deep_description] PushQEl3final_v8n/input_layer1 | inputs: PreInferEl3final_v8n/input_layer1[0] | outputs: AsyncHwEl(running in thread_id: 2487)
[2025-06-19 12:26:41.588] [2426] [HailoRT] [info] [pipeline.cpp:891] [print_deep_description] AsyncHwEl | inputs: PushQEl3final_v8n/input_layer1[0] | outputs: MultiPushQEl0YOLOV8-Post-Process MultiPushQEl0YOLOV8-Post-Process MultiPushQEl0YOLOV8-Post-Process MultiPushQEl0YOLOV8-Post-Process MultiPushQEl0YOLOV8-Post-Process MultiPushQEl0YOLOV8-Post-Process
[2025-06-19 12:26:41.588] [2426] [HailoRT] [info] [pipeline.cpp:891] [print_deep_description] MultiPushQEl0YOLOV8-Post-Process | inputs: AsyncHwEl[0] AsyncHwEl[1] AsyncHwEl[2] AsyncHwEl[3] AsyncHwEl[4] AsyncHwEl[5] | outputs: NmsPPMuxEl0YOLOV8-Post-Process(running in thread_id: 2488)
[2025-06-19 12:26:41.588] [2426] [HailoRT] [info] [pipeline.cpp:891] [print_deep_description] NmsPPMuxEl0YOLOV8-Post-Process | inputs: MultiPushQEl0YOLOV8-Post-Process[0] | outputs: LastAsyncEl0NmsPPMuxEl0YOLOV8-Post-Process
[2025-06-19 12:26:41.588] [2426] [HailoRT] [info] [pipeline.cpp:891] [print_deep_description] LastAsyncEl0NmsPPMuxEl0YOLOV8-Post-Process | inputs: NmsPPMuxEl0YOLOV8-Post-Process[0] | outputs: user
[2025-06-19 12:26:41.982] [2476] [HailoRT] [info] [hef.cpp:1929] [get_network_group_and_network_name] No name was given. Addressing all networks of default network_group: final_v8n
[2025-06-19 12:28:36.710] [2531] [HailoRT] [info] [device.cpp:49] [Device] OS Version: Linux 6.12.25+rpt-rpi-2712 #1 SMP PREEMPT Debian 1:6.12.25-1+rpt1 (2025-04-30) aarch64
[2025-06-19 12:28:36.711] [2531] [HailoRT] [info] [control.cpp:108] [control__parse_identify_results] firmware_version is: 4.20.0
[2025-06-19 12:28:36.712] [2531] [HailoRT] [info] [control.cpp:108] [control__parse_identify_results] firmware_version is: 4.20.0
[2025-06-19 12:28:36.792] [2506] [HailoRT] [info] [vdevice.cpp:523] [create] Creating vdevice with params: device_count: 1, scheduling_algorithm: ROUND_ROBIN, multi_process_service: false
[2025-06-19 12:28:36.804] [2506] [HailoRT] [info] [device.cpp:49] [Device] OS Version: Linux 6.12.25+rpt-rpi-2712 #1 SMP PREEMPT Debian 1:6.12.25-1+rpt1 (2025-04-30) aarch64
[2025-06-19 12:28:36.806] [2506] [HailoRT] [info] [control.cpp:108] [control__parse_identify_results] firmware_version is: 4.20.0
[2025-06-19 12:28:36.806] [2506] [HailoRT] [info] [vdevice.cpp:651] [create] VDevice Infos: 0001:01:00.0
[2025-06-19 12:28:36.839] [2506] [HailoRT] [info] [hef.cpp:1929] [get_network_group_and_network_name] No name was given. Addressing all networks of default network_group: final_v8n
[2025-06-19 12:28:36.839] [2506] [HailoRT] [info] [hef.cpp:1929] [get_network_group_and_network_name] No name was given. Addressing all networks of default network_group: final_v8n
[2025-06-19 12:28:36.858] [2506] [HailoRT] [info] [internal_buffer_manager.cpp:204] [print_execution_results] Planned internal buffer memory: CMA memory 0, user memory 4101120. memory to edge layer usage factor is 1
[2025-06-19 12:28:36.858] [2506] [HailoRT] [info] [internal_buffer_manager.cpp:212] [print_execution_results] Default Internal buffer planner executed successfully
[2025-06-19 12:28:36.870] [2506] [HailoRT] [info] [device_internal.cpp:57] [configure] Configuring HEF took 21.094919 milliseconds
[2025-06-19 12:28:36.870] [2506] [HailoRT] [info] [vdevice.cpp:749] [configure] Configuring HEF on VDevice took 21.424939 milliseconds
[2025-06-19 12:28:36.870] [2506] [HailoRT] [info] [infer_model.cpp:436] [configure] Configuring network group 'final_v8n' with params: batch size: 2, power mode: PERFORMANCE, latency: NONE
[2025-06-19 12:28:36.870] [2506] [HailoRT] [info] [multi_io_elements.cpp:756] [create] Created (AsyncHwEl)
[2025-06-19 12:28:36.870] [2506] [HailoRT] [info] [queue_elements.cpp:450] [create] Created (EntryPushQEl0final_v8n/input_layer1 | timeout: 10s)
[2025-06-19 12:28:36.870] [2506] [HailoRT] [info] [filter_elements.cpp:101] [create] Created (PreInferEl3final_v8n/input_layer1 | Reorder - src_order: RGB4, src_shape: (640, 640, 3), dst_order: NHCW, dst_shape: (640, 640, 3))
[2025-06-19 12:28:36.870] [2506] [HailoRT] [info] [queue_elements.cpp:450] [create] Created (PushQEl3final_v8n/input_layer1 | timeout: 10s)
[2025-06-19 12:28:36.870] [2506] [HailoRT] [info] [multi_io_elements.cpp:135] [create] Created (NmsPPMuxEl0YOLOV8-Post-Process | Op YOLOV8, Name: YOLOV8-Post-Process, Score threshold: 0.300, IoU threshold: 0.45, Classes: 2, Cross classes: false, NMS results order: BY_CLASS, Max bboxes per class: 100, Image height: 640, Image width: 640)
[2025-06-19 12:28:36.871] [2506] [HailoRT] [info] [queue_elements.cpp:942] [create] Created (MultiPushQEl0YOLOV8-Post-Process | timeout: 10s)
[2025-06-19 12:28:36.871] [2506] [HailoRT] [info] [edge_elements.cpp:187] [create] Created (LastAsyncEl0NmsPPMuxEl0YOLOV8-Post-Process)
[2025-06-19 12:28:36.871] [2506] [HailoRT] [info] [pipeline.cpp:891] [print_deep_description] EntryPushQEl0final_v8n/input_layer1 | inputs: user | outputs: PreInferEl3final_v8n/input_layer1(running in thread_id: 2566)
[2025-06-19 12:28:36.871] [2506] [HailoRT] [info] [pipeline.cpp:891] [print_deep_description] PreInferEl3final_v8n/input_layer1 | inputs: EntryPushQEl0final_v8n/input_layer1[0] | outputs: PushQEl3final_v8n/input_layer1
[2025-06-19 12:28:36.871] [2506] [HailoRT] [info] [pipeline.cpp:891] [print_deep_description] PushQEl3final_v8n/input_layer1 | inputs: PreInferEl3final_v8n/input_layer1[0] | outputs: AsyncHwEl(running in thread_id: 2567)
[2025-06-19 12:28:36.871] [2506] [HailoRT] [info] [pipeline.cpp:891] [print_deep_description] AsyncHwEl | inputs: PushQEl3final_v8n/input_layer1[0] | outputs: MultiPushQEl0YOLOV8-Post-Process MultiPushQEl0YOLOV8-Post-Process MultiPushQEl0YOLOV8-Post-Process MultiPushQEl0YOLOV8-Post-Process MultiPushQEl0YOLOV8-Post-Process MultiPushQEl0YOLOV8-Post-Process
[2025-06-19 12:28:36.871] [2506] [HailoRT] [info] [pipeline.cpp:891] [print_deep_description] MultiPushQEl0YOLOV8-Post-Process | inputs: AsyncHwEl[0] AsyncHwEl[1] AsyncHwEl[2] AsyncHwEl[3] AsyncHwEl[4] AsyncHwEl[5] | outputs: NmsPPMuxEl0YOLOV8-Post-Process(running in thread_id: 2568)
[2025-06-19 12:28:36.871] [2506] [HailoRT] [info] [pipeline.cpp:891] [print_deep_description] NmsPPMuxEl0YOLOV8-Post-Process | inputs: MultiPushQEl0YOLOV8-Post-Process[0] | outputs: LastAsyncEl0NmsPPMuxEl0YOLOV8-Post-Process
[2025-06-19 12:28:36.871] [2506] [HailoRT] [info] [pipeline.cpp:891] [print_deep_description] LastAsyncEl0NmsPPMuxEl0YOLOV8-Post-Process | inputs: NmsPPMuxEl0YOLOV8-Post-Process[0] | outputs: user
[2025-06-19 12:28:37.127] [2556] [HailoRT] [info] [hef.cpp:1929] [get_network_group_and_network_name] No name was given. Addressing all networks of default network_group: final_v8n
[2025-06-19 12:47:42.514] [2647] [HailoRT] [info] [device.cpp:49] [Device] OS Version: Linux 6.12.25+rpt-rpi-2712 #1 SMP PREEMPT Debian 1:6.12.25-1+rpt1 (2025-04-30) aarch64
[2025-06-19 12:47:42.515] [2647] [HailoRT] [info] [control.cpp:108] [control__parse_identify_results] firmware_version is: 4.20.0
[2025-06-19 12:47:42.516] [2647] [HailoRT] [info] [control.cpp:108] [control__parse_identify_results] firmware_version is: 4.20.0
[2025-06-19 12:47:42.597] [2622] [HailoRT] [info] [vdevice.cpp:523] [create] Creating vdevice with params: device_count: 1, scheduling_algorithm: ROUND_ROBIN, multi_process_service: false
[2025-06-19 12:47:42.609] [2622] [HailoRT] [info] [device.cpp:49] [Device] OS Version: Linux 6.12.25+rpt-rpi-2712 #1 SMP PREEMPT Debian 1:6.12.25-1+rpt1 (2025-04-30) aarch64
[2025-06-19 12:47:42.611] [2622] [HailoRT] [info] [control.cpp:108] [control__parse_identify_results] firmware_version is: 4.20.0
[2025-06-19 12:47:42.611] [2622] [HailoRT] [info] [vdevice.cpp:651] [create] VDevice Infos: 0001:01:00.0
[2025-06-19 12:47:42.647] [2622] [HailoRT] [info] [hef.cpp:1929] [get_network_group_and_network_name] No name was given. Addressing all networks of default network_group: final_v8n
[2025-06-19 12:47:42.647] [2622] [HailoRT] [info] [hef.cpp:1929] [get_network_group_and_network_name] No name was given. Addressing all networks of default network_group: final_v8n
[2025-06-19 12:47:42.666] [2622] [HailoRT] [info] [internal_buffer_manager.cpp:204] [print_execution_results] Planned internal buffer memory: CMA memory 0, user memory 4101120. memory to edge layer usage factor is 1
[2025-06-19 12:47:42.666] [2622] [HailoRT] [info] [internal_buffer_manager.cpp:212] [print_execution_results] Default Internal buffer planner executed successfully
[2025-06-19 12:47:42.679] [2622] [HailoRT] [info] [device_internal.cpp:57] [configure] Configuring HEF took 21.346652 milliseconds
[2025-06-19 12:47:42.679] [2622] [HailoRT] [info] [vdevice.cpp:749] [configure] Configuring HEF on VDevice took 21.693006 milliseconds
[2025-06-19 12:47:42.679] [2622] [HailoRT] [info] [infer_model.cpp:436] [configure] Configuring network group 'final_v8n' with params: batch size: 2, power mode: PERFORMANCE, latency: NONE
[2025-06-19 12:47:42.679] [2622] [HailoRT] [info] [multi_io_elements.cpp:756] [create] Created (AsyncHwEl)
[2025-06-19 12:47:42.679] [2622] [HailoRT] [info] [queue_elements.cpp:450] [create] Created (EntryPushQEl0final_v8n/input_layer1 | timeout: 10s)
[2025-06-19 12:47:42.679] [2622] [HailoRT] [info] [filter_elements.cpp:101] [create] Created (PreInferEl3final_v8n/input_layer1 | Reorder - src_order: RGB4, src_shape: (640, 640, 3), dst_order: NHCW, dst_shape: (640, 640, 3))
[2025-06-19 12:47:42.679] [2622] [HailoRT] [info] [queue_elements.cpp:450] [create] Created (PushQEl3final_v8n/input_layer1 | timeout: 10s)
[2025-06-19 12:47:42.679] [2622] [HailoRT] [info] [multi_io_elements.cpp:135] [create] Created (NmsPPMuxEl0YOLOV8-Post-Process | Op YOLOV8, Name: YOLOV8-Post-Process, Score threshold: 0.300, IoU threshold: 0.45, Classes: 2, Cross classes: false, NMS results order: BY_CLASS, Max bboxes per class: 100, Image height: 640, Image width: 640)
[2025-06-19 12:47:42.679] [2622] [HailoRT] [info] [queue_elements.cpp:942] [create] Created (MultiPushQEl0YOLOV8-Post-Process | timeout: 10s)
[2025-06-19 12:47:42.679] [2622] [HailoRT] [info] [edge_elements.cpp:187] [create] Created (LastAsyncEl0NmsPPMuxEl0YOLOV8-Post-Process)
[2025-06-19 12:47:42.680] [2622] [HailoRT] [info] [pipeline.cpp:891] [print_deep_description] EntryPushQEl0final_v8n/input_layer1 | inputs: user | outputs: PreInferEl3final_v8n/input_layer1(running in thread_id: 2682)
[2025-06-19 12:47:42.680] [2622] [HailoRT] [info] [pipeline.cpp:891] [print_deep_description] PreInferEl3final_v8n/input_layer1 | inputs: EntryPushQEl0final_v8n/input_layer1[0] | outputs: PushQEl3final_v8n/input_layer1
[2025-06-19 12:47:42.680] [2622] [HailoRT] [info] [pipeline.cpp:891] [print_deep_description] PushQEl3final_v8n/input_layer1 | inputs: PreInferEl3final_v8n/input_layer1[0] | outputs: AsyncHwEl(running in thread_id: 2683)
[2025-06-19 12:47:42.680] [2622] [HailoRT] [info] [pipeline.cpp:891] [print_deep_description] AsyncHwEl | inputs: PushQEl3final_v8n/input_layer1[0] | outputs: MultiPushQEl0YOLOV8-Post-Process MultiPushQEl0YOLOV8-Post-Process MultiPushQEl0YOLOV8-Post-Process MultiPushQEl0YOLOV8-Post-Process MultiPushQEl0YOLOV8-Post-Process MultiPushQEl0YOLOV8-Post-Process
[2025-06-19 12:47:42.680] [2622] [HailoRT] [info] [pipeline.cpp:891] [print_deep_description] MultiPushQEl0YOLOV8-Post-Process | inputs: AsyncHwEl[0] AsyncHwEl[1] AsyncHwEl[2] AsyncHwEl[3] AsyncHwEl[4] AsyncHwEl[5] | outputs: NmsPPMuxEl0YOLOV8-Post-Process(running in thread_id: 2684)
[2025-06-19 12:47:42.680] [2622] [HailoRT] [info] [pipeline.cpp:891] [print_deep_description] NmsPPMuxEl0YOLOV8-Post-Process | inputs: MultiPushQEl0YOLOV8-Post-Process[0] | outputs: LastAsyncEl0NmsPPMuxEl0YOLOV8-Post-Process
[2025-06-19 12:47:42.680] [2622] [HailoRT] [info] [pipeline.cpp:891] [print_deep_description] LastAsyncEl0NmsPPMuxEl0YOLOV8-Post-Process | inputs: NmsPPMuxEl0YOLOV8-Post-Process[0] | outputs: user
[2025-06-19 12:47:42.934] [2672] [HailoRT] [info] [hef.cpp:1929] [get_network_group_and_network_name] No name was given. Addressing all networks of default network_group: final_v8n
